mode: set
chat-apps/internal/repository/article.go:17.58,19.2 1 1
chat-apps/internal/repository/article.go:21.76,35.62 3 1
chat-apps/internal/repository/article.go:35.62,37.3 1 0
chat-apps/internal/repository/article.go:39.2,39.22 1 1
chat-apps/internal/repository/conversation.go:18.68,20.2 1 1
chat-apps/internal/repository/conversation.go:22.110,27.55 3 1
chat-apps/internal/repository/conversation.go:27.55,30.3 2 0
chat-apps/internal/repository/conversation.go:32.2,32.38 1 1
chat-apps/internal/repository/conversation.go:32.38,37.46 2 1
chat-apps/internal/repository/conversation.go:37.46,40.4 2 0
chat-apps/internal/repository/conversation.go:43.2,48.55 3 1
chat-apps/internal/repository/conversation.go:48.55,50.3 1 0
chat-apps/internal/repository/conversation.go:52.2,57.30 5 1
chat-apps/internal/repository/conversation.go:60.99,64.75 3 1
chat-apps/internal/repository/conversation.go:64.75,66.3 1 0
chat-apps/internal/repository/conversation.go:68.2,68.88 1 1
chat-apps/internal/repository/conversation.go:68.88,70.3 1 0
chat-apps/internal/repository/conversation.go:72.2,73.43 2 1
chat-apps/internal/repository/conversation.go:73.43,75.3 1 1
chat-apps/internal/repository/conversation.go:76.2,79.30 3 1
chat-apps/internal/repository/file.go:19.52,21.2 1 1
chat-apps/internal/repository/file.go:23.76,25.49 2 1
chat-apps/internal/repository/file.go:25.49,27.3 1 0
chat-apps/internal/repository/file.go:28.2,28.18 1 1
chat-apps/internal/repository/file.go:31.67,33.52 2 1
chat-apps/internal/repository/file.go:33.52,35.3 1 0
chat-apps/internal/repository/file.go:36.2,36.18 1 1
chat-apps/internal/repository/job.go:21.50,23.2 1 1
chat-apps/internal/repository/job.go:25.71,26.48 1 1
chat-apps/internal/repository/job.go:26.48,28.3 1 0
chat-apps/internal/repository/job.go:29.2,29.17 1 1
chat-apps/internal/repository/job.go:32.64,34.51 2 1
chat-apps/internal/repository/job.go:34.51,36.3 1 0
chat-apps/internal/repository/job.go:37.2,37.17 1 1
chat-apps/internal/repository/job.go:40.93,45.2 1 1
chat-apps/internal/repository/message.go:19.58,21.2 1 1
chat-apps/internal/repository/message.go:23.91,25.52 2 1
chat-apps/internal/repository/message.go:25.52,27.3 1 0
chat-apps/internal/repository/message.go:28.2,28.21 1 1
chat-apps/internal/repository/message.go:31.103,33.96 2 1
chat-apps/internal/repository/message.go:33.96,35.3 1 0
chat-apps/internal/repository/message.go:36.2,36.22 1 1
chat-apps/internal/repository/notification.go:18.68,20.2 1 1
chat-apps/internal/repository/notification.go:22.116,23.57 1 1
chat-apps/internal/repository/notification.go:23.57,25.3 1 0
chat-apps/internal/repository/notification.go:26.2,26.26 1 1
chat-apps/internal/repository/notification.go:29.102,31.85 2 1
chat-apps/internal/repository/notification.go:31.85,33.3 1 0
chat-apps/internal/repository/notification.go:34.2,34.27 1 1
chat-apps/internal/repository/user.go:20.52,22.2 1 1
chat-apps/internal/repository/user.go:24.76,25.49 1 1
chat-apps/internal/repository/user.go:25.49,27.3 1 0
chat-apps/internal/repository/user.go:28.2,28.18 1 1
chat-apps/internal/repository/user.go:31.67,33.52 2 1
chat-apps/internal/repository/user.go:33.52,35.3 1 1
chat-apps/internal/repository/user.go:36.2,36.18 1 1
chat-apps/internal/repository/user.go:39.59,41.91 2 0
chat-apps/internal/repository/user.go:41.91,43.3 1 0
chat-apps/internal/repository/user.go:44.2,44.23 1 0
chat-apps/internal/repository/user.go:47.63,49.48 2 0
chat-apps/internal/repository/user.go:49.48,51.3 1 0
chat-apps/internal/repository/user.go:52.2,52.19 1 0
